2017-09-27 22:12:46,059 INFO o.a.j.JMeter: PWD       =/Users/zhangfei
2017-09-27 22:12:46,122 INFO o.a.j.JMeter: IP: 192.168.31.225 Name: sha4szdd12.ads.autodesk.com FullName: 192.168.31.225
2017-09-27 22:12:48,789 INFO o.a.j.g.a.LookAndFeelCommand: Using look and feel: com.apple.laf.AquaLookAndFeel [Mac OS X, System]
2017-09-27 22:12:48,796 INFO o.a.j.JMeter: Loaded icon properties from org/apache/jmeter/images/icon.properties
2017-09-27 22:12:49,552 INFO o.a.j.e.u.CompoundVariable: Note: Function class names must contain the string: '.functions.'
2017-09-27 22:12:49,552 INFO o.a.j.e.u.CompoundVariable: Note: Function class names must not contain the string: '.gui.'
2017-09-27 22:12:50,952 INFO o.a.j.g.u.MenuFactory: Skipping org.apache.jmeter.assertions.BSFAssertion
2017-09-27 22:12:51,696 INFO o.a.j.g.u.MenuFactory: Skipping org.apache.jmeter.extractor.BSFPostProcessor
2017-09-27 22:12:51,739 INFO o.a.j.g.u.MenuFactory: Skipping org.apache.jmeter.modifiers.BSFPreProcessor
2017-09-27 22:12:51,783 INFO o.a.j.p.h.s.HTTPSamplerBase: Parser for text/html is org.apache.jmeter.protocol.http.parser.LagartoBasedHtmlParser
2017-09-27 22:12:51,783 INFO o.a.j.p.h.s.HTTPSamplerBase: Parser for application/xhtml+xml is org.apache.jmeter.protocol.http.parser.LagartoBasedHtmlParser
2017-09-27 22:12:51,784 INFO o.a.j.p.h.s.HTTPSamplerBase: Parser for application/xml is org.apache.jmeter.protocol.http.parser.LagartoBasedHtmlParser
2017-09-27 22:12:51,784 INFO o.a.j.p.h.s.HTTPSamplerBase: Parser for text/xml is org.apache.jmeter.protocol.http.parser.LagartoBasedHtmlParser
2017-09-27 22:12:51,784 INFO o.a.j.p.h.s.HTTPSamplerBase: Parser for text/vnd.wap.wml is org.apache.jmeter.protocol.http.parser.RegexpHTMLParser
2017-09-27 22:12:51,784 INFO o.a.j.p.h.s.HTTPSamplerBase: Parser for text/css is org.apache.jmeter.protocol.http.parser.CssParser
2017-09-27 22:12:52,363 INFO o.a.j.e.KeyToolUtils: keytool found at 'keytool'
2017-09-27 22:12:52,365 INFO o.a.j.p.h.p.ProxyControl: HTTP(S) Test Script Recorder SSL Proxy will use keys that support embedded 3rd party resources in file /Users/zhangfei/apache-jmeter-3.2/bin/proxyserver.jks
2017-09-27 22:12:52,583 INFO o.a.j.g.u.MenuFactory: Skipping org.apache.jmeter.protocol.java.sampler.BSFSampler
2017-09-27 22:12:52,625 INFO o.a.j.s.FileServer: Default base='/Users/zhangfei'
2017-09-27 22:12:52,744 INFO o.a.j.g.u.MenuFactory: Skipping org.apache.jmeter.protocol.mongodb.config.MongoSourceElement
2017-09-27 22:12:52,745 INFO o.a.j.g.u.MenuFactory: Skipping org.apache.jmeter.protocol.mongodb.sampler.MongoScriptSampler
2017-09-27 22:12:52,923 INFO o.a.j.g.u.MenuFactory: Skipping org.apache.jmeter.timers.BSFTimer
2017-09-27 22:12:52,971 INFO o.a.j.g.u.MenuFactory: Skipping org.apache.jmeter.visualizers.BSFListener
2017-09-27 22:12:53,169 INFO o.a.j.s.SampleResult: Note: Sample TimeStamps are START times
2017-09-27 22:12:53,169 INFO o.a.j.s.SampleResult: sampleresult.default.encoding is set to ISO-8859-1
2017-09-27 22:12:53,169 INFO o.a.j.s.SampleResult: sampleresult.useNanoTime=true
2017-09-27 22:12:53,169 INFO o.a.j.s.SampleResult: sampleresult.nanoThreadSleep=5000
2017-09-27 22:13:01,673 INFO o.a.j.g.a.Load: Loading file: /Users/zhangfei/Downloads/Forge_APIs.jmx
2017-09-27 22:13:01,673 INFO o.a.j.s.FileServer: Set new base='/Users/zhangfei/Downloads'
2017-09-27 22:13:01,846 INFO o.a.j.s.SaveService: Testplan (JMX) version: 2.2. Testlog (JTL) version: 2.2
2017-09-27 22:13:01,872 INFO o.a.j.s.SaveService: Using SaveService properties file encoding UTF-8
2017-09-27 22:13:01,875 INFO o.a.j.s.SaveService: Using SaveService properties version 3.2
2017-09-27 22:13:01,880 INFO o.a.j.s.SaveService: Loading file: /Users/zhangfei/Downloads/Forge_APIs.jmx
2017-09-27 22:13:01,936 INFO o.a.j.u.BSFTestElement: Registering JMeter version of JavaScript engine as work-round for BSF-22
2017-09-27 22:13:05,436 INFO o.a.j.s.FileServer: Set new base='/Users/zhangfei/Downloads'
2017-09-27 22:13:06,488 WARN o.a.j.g.t.JMeterTreeNode: getIcon(): Can't obtain GUI class from class org.apache.jmeter.modifiers.BSFPreProcessor
2017-09-27 22:13:06,511 WARN o.a.j.g.t.JMeterTreeNode: getIcon(): Can't obtain GUI class from class org.apache.jmeter.modifiers.BSFPreProcessor
2017-09-27 22:13:08,557 WARN o.a.j.g.t.JMeterTreeNode: getIcon(): Can't obtain GUI class from class org.apache.jmeter.modifiers.BSFPreProcessor
2017-09-27 22:13:08,580 WARN o.a.j.g.t.JMeterTreeNode: getIcon(): Can't obtain GUI class from class org.apache.jmeter.modifiers.BSFPreProcessor
2017-09-27 22:13:09,368 WARN o.a.j.g.t.JMeterTreeNode: getIcon(): Can't obtain GUI class from class org.apache.jmeter.modifiers.BSFPreProcessor
2017-09-27 22:13:09,398 WARN o.a.j.g.t.JMeterTreeNode: getIcon(): Can't obtain GUI class from class org.apache.jmeter.modifiers.BSFPreProcessor
2017-09-27 22:13:10,871 WARN o.a.j.g.t.JMeterTreeNode: getIcon(): Can't obtain GUI class from class org.apache.jmeter.modifiers.BSFPreProcessor
2017-09-27 22:13:11,956 WARN o.a.j.g.t.JMeterTreeNode: getIcon(): Can't obtain GUI class from class org.apache.jmeter.modifiers.BSFPreProcessor
2017-09-27 22:13:12,615 WARN o.a.j.g.t.JMeterTreeNode: getIcon(): Can't obtain GUI class from class org.apache.jmeter.modifiers.BSFPreProcessor
2017-09-27 22:13:12,634 WARN o.a.j.g.t.JMeterTreeNode: getIcon(): Can't obtain GUI class from class org.apache.jmeter.modifiers.BSFPreProcessor
2017-09-27 22:13:13,939 WARN o.a.j.g.t.JMeterTreeNode: getIcon(): Can't obtain GUI class from class org.apache.jmeter.modifiers.BSFPreProcessor
2017-09-27 22:13:15,533 WARN o.a.j.g.t.JMeterTreeNode: getIcon(): Can't obtain GUI class from class org.apache.jmeter.modifiers.BSFPreProcessor
2017-09-27 22:13:16,813 WARN o.a.j.g.t.JMeterTreeNode: getIcon(): Can't obtain GUI class from class org.apache.jmeter.modifiers.BSFPreProcessor
2017-09-27 22:13:16,837 INFO o.a.j.e.StandardJMeterEngine: Running the test!
2017-09-27 22:13:16,839 INFO o.a.j.s.SampleEvent: List of sample_variables: []
2017-09-27 22:13:16,839 INFO o.a.j.s.SampleEvent: List of sample_variables: []
2017-09-27 22:13:16,868 INFO o.a.j.g.u.JMeterMenuBar: setRunning(true, *local*)
2017-09-27 22:13:17,113 INFO o.a.j.e.StandardJMeterEngine: Starting ThreadGroup: 1 : WorkFlow
2017-09-27 22:13:17,114 INFO o.a.j.e.StandardJMeterEngine: Starting 1 threads for group WorkFlow.
2017-09-27 22:13:17,114 INFO o.a.j.e.StandardJMeterEngine: Thread will continue on error
2017-09-27 22:13:17,114 INFO o.a.j.t.ThreadGroup: Starting thread group... number=1 threads=1 ramp-up=1 perThread=1000.0 delayedStart=false
2017-09-27 22:13:17,124 INFO o.a.j.t.ThreadGroup: Started thread group number 1
2017-09-27 22:13:17,127 INFO o.a.j.e.StandardJMeterEngine: All thread groups have been started
2017-09-27 22:13:17,148 INFO o.a.j.t.JMeterThread: Thread started: WorkFlow 1-1
2017-09-27 22:13:17,426 INFO o.a.j.p.h.s.HTTPHCAbstractImpl: Local host = sha4szdd12.ads.autodesk.com
2017-09-27 22:13:17,432 INFO o.a.j.p.h.s.HTTPHC4Impl: HTTP request retry count = 0
2017-09-27 22:13:17,924 WARN o.a.j.g.t.JMeterTreeNode: getIcon(): Can't obtain GUI class from class org.apache.jmeter.modifiers.BSFPreProcessor
2017-09-27 22:13:17,984 INFO o.a.j.p.h.s.LazySchemeSocketFactory: Setting up HTTPS TrustAll Socket Factory
2017-09-27 22:13:18,001 INFO o.a.j.u.JsseSSLManager: Using default SSL protocol: TLS
2017-09-27 22:13:18,001 INFO o.a.j.u.JsseSSLManager: SSL session context: per-thread
2017-09-27 22:13:18,017 WARN o.a.j.g.t.JMeterTreeNode: getIcon(): Can't obtain GUI class from class org.apache.jmeter.modifiers.BSFPreProcessor
2017-09-27 22:13:18,213 INFO o.a.j.u.SSLManager: JmeterKeyStore Location:  type JKS
2017-09-27 22:13:18,214 INFO o.a.j.u.SSLManager: KeyStore created OK
2017-09-27 22:13:18,214 WARN o.a.j.u.SSLManager: Keystore file not found, loading empty keystore
2017-09-27 22:13:19,994 WARN o.a.j.g.t.JMeterTreeNode: getIcon(): Can't obtain GUI class from class org.apache.jmeter.modifiers.BSFPreProcessor
2017-09-27 22:13:33,396 WARN o.a.j.g.t.JMeterTreeNode: getIcon(): Can't obtain GUI class from class org.apache.jmeter.modifiers.BSFPreProcessor
2017-09-27 22:13:33,503 WARN o.a.j.g.t.JMeterTreeNode: getIcon(): Can't obtain GUI class from class org.apache.jmeter.modifiers.BSFPreProcessor
2017-09-27 22:13:38,836 WARN o.a.j.g.t.JMeterTreeNode: getIcon(): Can't obtain GUI class from class org.apache.jmeter.modifiers.BSFPreProcessor
2017-09-27 22:13:38,849 WARN o.a.j.g.t.JMeterTreeNode: getIcon(): Can't obtain GUI class from class org.apache.jmeter.modifiers.BSFPreProcessor
2017-09-27 22:13:38,854 WARN o.a.j.g.t.JMeterTreeNode: getIcon(): Can't obtain GUI class from class org.apache.jmeter.modifiers.BSFPreProcessor
2017-09-27 22:13:45,437 WARN o.a.j.g.t.JMeterTreeNode: getIcon(): Can't obtain GUI class from class org.apache.jmeter.modifiers.BSFPreProcessor
2017-09-27 22:13:45,442 WARN o.a.j.g.t.JMeterTreeNode: getIcon(): Can't obtain GUI class from class org.apache.jmeter.modifiers.BSFPreProcessor
2017-09-27 22:13:47,094 WARN o.a.j.g.t.JMeterTreeNode: getIcon(): Can't obtain GUI class from class org.apache.jmeter.modifiers.BSFPreProcessor
2017-09-27 22:13:47,100 WARN o.a.j.g.t.JMeterTreeNode: getIcon(): Can't obtain GUI class from class org.apache.jmeter.modifiers.BSFPreProcessor
2017-09-27 22:13:47,176 WARN o.a.j.g.t.JMeterTreeNode: getIcon(): Can't obtain GUI class from class org.apache.jmeter.modifiers.BSFPreProcessor
2017-09-27 22:13:47,180 WARN o.a.j.g.t.JMeterTreeNode: getIcon(): Can't obtain GUI class from class org.apache.jmeter.modifiers.BSFPreProcessor
2017-09-27 22:13:47,221 WARN o.a.j.g.t.JMeterTreeNode: getIcon(): Can't obtain GUI class from class org.apache.jmeter.modifiers.BSFPreProcessor
2017-09-27 22:13:47,225 WARN o.a.j.g.t.JMeterTreeNode: getIcon(): Can't obtain GUI class from class org.apache.jmeter.modifiers.BSFPreProcessor
2017-09-27 22:13:47,276 WARN o.a.j.g.t.JMeterTreeNode: getIcon(): Can't obtain GUI class from class org.apache.jmeter.modifiers.BSFPreProcessor
2017-09-27 22:13:47,280 WARN o.a.j.g.t.JMeterTreeNode: getIcon(): Can't obtain GUI class from class org.apache.jmeter.modifiers.BSFPreProcessor
2017-09-27 22:13:48,565 WARN o.a.j.g.t.JMeterTreeNode: getIcon(): Can't obtain GUI class from class org.apache.jmeter.modifiers.BSFPreProcessor
2017-09-27 22:13:48,568 WARN o.a.j.g.t.JMeterTreeNode: getIcon(): Can't obtain GUI class from class org.apache.jmeter.modifiers.BSFPreProcessor
2017-09-27 22:13:51,169 WARN o.a.j.g.t.JMeterTreeNode: getIcon(): Can't obtain GUI class from class org.apache.jmeter.modifiers.BSFPreProcessor
2017-09-27 22:13:51,175 WARN o.a.j.g.t.JMeterTreeNode: getIcon(): Can't obtain GUI class from class org.apache.jmeter.modifiers.BSFPreProcessor
2017-09-27 22:13:52,747 WARN o.a.j.g.t.JMeterTreeNode: getIcon(): Can't obtain GUI class from class org.apache.jmeter.modifiers.BSFPreProcessor
2017-09-27 22:13:52,751 WARN o.a.j.g.t.JMeterTreeNode: getIcon(): Can't obtain GUI class from class org.apache.jmeter.modifiers.BSFPreProcessor
2017-09-27 22:13:53,967 WARN o.a.j.g.t.JMeterTreeNode: getIcon(): Can't obtain GUI class from class org.apache.jmeter.modifiers.BSFPreProcessor
2017-09-27 22:13:53,975 WARN o.a.j.g.t.JMeterTreeNode: getIcon(): Can't obtain GUI class from class org.apache.jmeter.modifiers.BSFPreProcessor
2017-09-27 22:13:54,672 ERROR o.a.j.r.ResultSaver: Error creating sample file for Froge_Post_New_APPs_2_leg_050
java.io.FileNotFoundException: automation/dev/fail_cases_20170927-2213_1.json (No such file or directory)
	at java.io.FileOutputStream.open0(Native Method) ~[?:1.8.0_45]
	at java.io.FileOutputStream.open(FileOutputStream.java:270) ~[?:1.8.0_45]
	at java.io.FileOutputStream.<init>(FileOutputStream.java:213) ~[?:1.8.0_45]
	at java.io.FileOutputStream.<init>(FileOutputStream.java:162) ~[?:1.8.0_45]
	at org.apache.jmeter.reporters.ResultSaver.saveSample(ResultSaver.java:200) [ApacheJMeter_core.jar:3.2 r1790748]
	at org.apache.jmeter.reporters.ResultSaver.processSample(ResultSaver.java:162) [ApacheJMeter_core.jar:3.2 r1790748]
	at org.apache.jmeter.reporters.ResultSaver.sampleOccurred(ResultSaver.java:152) [ApacheJMeter_core.jar:3.2 r1790748]
	at org.apache.jmeter.threads.ListenerNotifier.notifyListeners(ListenerNotifier.java:65) [ApacheJMeter_core.jar:3.2 r1790748]
	at org.apache.jmeter.threads.JMeterThread.notifyListeners(JMeterThread.java:885) [ApacheJMeter_core.jar:3.2 r1790748]
	at org.apache.jmeter.threads.JMeterThread.executeSamplePackage(JMeterThread.java:521) [ApacheJMeter_core.jar:3.2 r1790748]
	at org.apache.jmeter.threads.JMeterThread.processSampler(JMeterThread.java:425) [ApacheJMeter_core.jar:3.2 r1790748]
	at org.apache.jmeter.threads.JMeterThread.run(JMeterThread.java:254) [ApacheJMeter_core.jar:3.2 r1790748]
	at java.lang.Thread.run(Thread.java:745) [?:1.8.0_45]
2017-09-27 22:13:55,040 WARN o.a.j.g.t.JMeterTreeNode: getIcon(): Can't obtain GUI class from class org.apache.jmeter.modifiers.BSFPreProcessor
2017-09-27 22:13:55,044 WARN o.a.j.g.t.JMeterTreeNode: getIcon(): Can't obtain GUI class from class org.apache.jmeter.modifiers.BSFPreProcessor
2017-09-27 22:13:56,674 ERROR o.a.j.r.ResultSaver: Error creating sample file for Froge_Post_New_APPs_2_leg_060
java.io.FileNotFoundException: automation/dev/fail_cases_20170927-2213_2.json (No such file or directory)
	at java.io.FileOutputStream.open0(Native Method) ~[?:1.8.0_45]
	at java.io.FileOutputStream.open(FileOutputStream.java:270) ~[?:1.8.0_45]
	at java.io.FileOutputStream.<init>(FileOutputStream.java:213) ~[?:1.8.0_45]
	at java.io.FileOutputStream.<init>(FileOutputStream.java:162) ~[?:1.8.0_45]
	at org.apache.jmeter.reporters.ResultSaver.saveSample(ResultSaver.java:200) [ApacheJMeter_core.jar:3.2 r1790748]
	at org.apache.jmeter.reporters.ResultSaver.processSample(ResultSaver.java:162) [ApacheJMeter_core.jar:3.2 r1790748]
	at org.apache.jmeter.reporters.ResultSaver.sampleOccurred(ResultSaver.java:152) [ApacheJMeter_core.jar:3.2 r1790748]
	at org.apache.jmeter.threads.ListenerNotifier.notifyListeners(ListenerNotifier.java:65) [ApacheJMeter_core.jar:3.2 r1790748]
	at org.apache.jmeter.threads.JMeterThread.notifyListeners(JMeterThread.java:885) [ApacheJMeter_core.jar:3.2 r1790748]
	at org.apache.jmeter.threads.JMeterThread.executeSamplePackage(JMeterThread.java:521) [ApacheJMeter_core.jar:3.2 r1790748]
	at org.apache.jmeter.threads.JMeterThread.processSampler(JMeterThread.java:425) [ApacheJMeter_core.jar:3.2 r1790748]
	at org.apache.jmeter.threads.JMeterThread.run(JMeterThread.java:254) [ApacheJMeter_core.jar:3.2 r1790748]
	at java.lang.Thread.run(Thread.java:745) [?:1.8.0_45]
2017-09-27 22:13:58,634 WARN o.a.j.g.t.JMeterTreeNode: getIcon(): Can't obtain GUI class from class org.apache.jmeter.modifiers.BSFPreProcessor
2017-09-27 22:14:06,565 INFO o.a.j.e.BSFPostProcessor: app_1:undefined
2017-09-27 22:14:06,565 INFO o.a.j.e.BSFPostProcessor: app_2:undefined
2017-09-27 22:14:06,765 WARN o.a.j.g.t.JMeterTreeNode: getIcon(): Can't obtain GUI class from class org.apache.jmeter.modifiers.BSFPreProcessor
2017-09-27 22:14:08,244 WARN o.a.j.e.BSFPostProcessor: Problem in BSF script: org.apache.bsf.BSFException: JavaScript Error: Internal Error: org.mozilla.javascript.EcmaError: SyntaxError: missing ; before statement ([script]#1(eval)#1)
2017-09-27 22:14:08,244 ERROR o.a.j.r.ResultSaver: Error creating sample file for Froge_Patch_APP_2_leg_001
java.io.FileNotFoundException: automation/dev/fail_cases_20170927-2213_3.plain (No such file or directory)
	at java.io.FileOutputStream.open0(Native Method) ~[?:1.8.0_45]
	at java.io.FileOutputStream.open(FileOutputStream.java:270) ~[?:1.8.0_45]
	at java.io.FileOutputStream.<init>(FileOutputStream.java:213) ~[?:1.8.0_45]
	at java.io.FileOutputStream.<init>(FileOutputStream.java:162) ~[?:1.8.0_45]
	at org.apache.jmeter.reporters.ResultSaver.saveSample(ResultSaver.java:200) [ApacheJMeter_core.jar:3.2 r1790748]
	at org.apache.jmeter.reporters.ResultSaver.processSample(ResultSaver.java:162) [ApacheJMeter_core.jar:3.2 r1790748]
	at org.apache.jmeter.reporters.ResultSaver.sampleOccurred(ResultSaver.java:152) [ApacheJMeter_core.jar:3.2 r1790748]
	at org.apache.jmeter.threads.ListenerNotifier.notifyListeners(ListenerNotifier.java:65) [ApacheJMeter_core.jar:3.2 r1790748]
	at org.apache.jmeter.threads.JMeterThread.notifyListeners(JMeterThread.java:885) [ApacheJMeter_core.jar:3.2 r1790748]
	at org.apache.jmeter.threads.JMeterThread.executeSamplePackage(JMeterThread.java:521) [ApacheJMeter_core.jar:3.2 r1790748]
	at org.apache.jmeter.threads.JMeterThread.processSampler(JMeterThread.java:425) [ApacheJMeter_core.jar:3.2 r1790748]
	at org.apache.jmeter.threads.JMeterThread.run(JMeterThread.java:254) [ApacheJMeter_core.jar:3.2 r1790748]
	at java.lang.Thread.run(Thread.java:745) [?:1.8.0_45]
2017-09-27 22:14:09,682 WARN o.a.j.g.t.JMeterTreeNode: getIcon(): Can't obtain GUI class from class org.apache.jmeter.modifiers.BSFPreProcessor
2017-09-27 22:14:10,146 WARN o.a.j.e.BSFPostProcessor: Problem in BSF script: org.apache.bsf.BSFException: JavaScript Error: Internal Error: org.mozilla.javascript.EcmaError: ReferenceError: "apps" is not defined.
2017-09-27 22:14:10,763 WARN o.a.j.e.BSFPostProcessor: Problem in BSF script: org.apache.bsf.BSFException: JavaScript Error: Internal Error: org.mozilla.javascript.EcmaError: ReferenceError: "apps" is not defined.
2017-09-27 22:14:11,370 ERROR o.a.j.r.ResultSaver: Error creating sample file for Froge_Get_All_APPs_2_leg_015
java.io.FileNotFoundException: automation/dev/fail_cases_20170927-2213_4.json (No such file or directory)
	at java.io.FileOutputStream.open0(Native Method) ~[?:1.8.0_45]
	at java.io.FileOutputStream.open(FileOutputStream.java:270) ~[?:1.8.0_45]
	at java.io.FileOutputStream.<init>(FileOutputStream.java:213) ~[?:1.8.0_45]
	at java.io.FileOutputStream.<init>(FileOutputStream.java:162) ~[?:1.8.0_45]
	at org.apache.jmeter.reporters.ResultSaver.saveSample(ResultSaver.java:200) [ApacheJMeter_core.jar:3.2 r1790748]
	at org.apache.jmeter.reporters.ResultSaver.processSample(ResultSaver.java:162) [ApacheJMeter_core.jar:3.2 r1790748]
	at org.apache.jmeter.reporters.ResultSaver.sampleOccurred(ResultSaver.java:152) [ApacheJMeter_core.jar:3.2 r1790748]
	at org.apache.jmeter.threads.ListenerNotifier.notifyListeners(ListenerNotifier.java:65) [ApacheJMeter_core.jar:3.2 r1790748]
	at org.apache.jmeter.threads.JMeterThread.notifyListeners(JMeterThread.java:885) [ApacheJMeter_core.jar:3.2 r1790748]
	at org.apache.jmeter.threads.JMeterThread.executeSamplePackage(JMeterThread.java:521) [ApacheJMeter_core.jar:3.2 r1790748]
	at org.apache.jmeter.threads.JMeterThread.processSampler(JMeterThread.java:425) [ApacheJMeter_core.jar:3.2 r1790748]
	at org.apache.jmeter.threads.JMeterThread.run(JMeterThread.java:254) [ApacheJMeter_core.jar:3.2 r1790748]
	at java.lang.Thread.run(Thread.java:745) [?:1.8.0_45]
2017-09-27 22:14:18,859 WARN o.a.j.e.BSFPostProcessor: Problem in BSF script: org.apache.bsf.BSFException: JavaScript Error: Internal Error: org.mozilla.javascript.EcmaError: SyntaxError: missing ] after element list ([script]#7(eval)#1)
2017-09-27 22:14:20,074 INFO o.a.j.t.JMeterThread: Thread is done: WorkFlow 1-1
2017-09-27 22:14:20,074 INFO o.a.j.t.JMeterThread: Thread finished: WorkFlow 1-1
2017-09-27 22:14:20,077 INFO o.a.j.e.StandardJMeterEngine: Notifying test listeners of end of test
2017-09-27 22:14:20,078 INFO o.a.j.g.u.JMeterMenuBar: setRunning(false, *local*)
2017-09-27 22:14:51,832 WARN o.a.j.g.t.JMeterTreeNode: getIcon(): Can't obtain GUI class from class org.apache.jmeter.modifiers.BSFPreProcessor
2017-09-27 22:15:18,217 WARN o.a.j.g.t.JMeterTreeNode: getIcon(): Can't obtain GUI class from class org.apache.jmeter.modifiers.BSFPreProcessor
2017-09-27 22:15:20,487 WARN o.a.j.g.t.JMeterTreeNode: getIcon(): Can't obtain GUI class from class org.apache.jmeter.modifiers.BSFPreProcessor
2017-09-27 22:15:20,520 WARN o.a.j.g.t.JMeterTreeNode: getIcon(): Can't obtain GUI class from class org.apache.jmeter.modifiers.BSFPreProcessor
2017-09-27 22:15:27,281 WARN o.a.j.g.t.JMeterTreeNode: getIcon(): Can't obtain GUI class from class org.apache.jmeter.modifiers.BSFPreProcessor
2017-09-27 22:15:27,294 WARN o.a.j.g.t.JMeterTreeNode: getIcon(): Can't obtain GUI class from class org.apache.jmeter.modifiers.BSFPreProcessor
2017-09-27 22:15:36,023 WARN o.a.j.g.t.JMeterTreeNode: getIcon(): Can't obtain GUI class from class org.apache.jmeter.modifiers.BSFPreProcessor
2017-09-27 22:15:36,026 WARN o.a.j.g.t.JMeterTreeNode: getIcon(): Can't obtain GUI class from class org.apache.jmeter.modifiers.BSFPreProcessor
2017-09-27 22:15:38,888 WARN o.a.j.g.t.JMeterTreeNode: getIcon(): Can't obtain GUI class from class org.apache.jmeter.modifiers.BSFPreProcessor
2017-09-27 22:15:38,890 WARN o.a.j.g.t.JMeterTreeNode: getIcon(): Can't obtain GUI class from class org.apache.jmeter.modifiers.BSFPreProcessor
2017-09-27 22:15:40,824 WARN o.a.j.g.t.JMeterTreeNode: getIcon(): Can't obtain GUI class from class org.apache.jmeter.modifiers.BSFPreProcessor
2017-09-27 22:15:40,832 WARN o.a.j.g.t.JMeterTreeNode: getIcon(): Can't obtain GUI class from class org.apache.jmeter.modifiers.BSFPreProcessor
2017-09-27 22:15:40,834 WARN o.a.j.g.t.JMeterTreeNode: getIcon(): Can't obtain GUI class from class org.apache.jmeter.modifiers.BSFPreProcessor
2017-09-27 22:15:43,009 WARN o.a.j.g.t.JMeterTreeNode: getIcon(): Can't obtain GUI class from class org.apache.jmeter.modifiers.BSFPreProcessor
2017-09-27 22:15:43,013 WARN o.a.j.g.t.JMeterTreeNode: getIcon(): Can't obtain GUI class from class org.apache.jmeter.modifiers.BSFPreProcessor
2017-09-27 22:15:43,988 WARN o.a.j.g.t.JMeterTreeNode: getIcon(): Can't obtain GUI class from class org.apache.jmeter.modifiers.BSFPreProcessor
2017-09-27 22:15:43,994 WARN o.a.j.g.t.JMeterTreeNode: getIcon(): Can't obtain GUI class from class org.apache.jmeter.modifiers.BSFPreProcessor
2017-09-27 22:15:45,448 WARN o.a.j.g.t.JMeterTreeNode: getIcon(): Can't obtain GUI class from class org.apache.jmeter.modifiers.BSFPreProcessor
2017-09-27 22:15:45,452 WARN o.a.j.g.t.JMeterTreeNode: getIcon(): Can't obtain GUI class from class org.apache.jmeter.modifiers.BSFPreProcessor
2017-09-27 22:15:47,432 WARN o.a.j.g.t.JMeterTreeNode: getIcon(): Can't obtain GUI class from class org.apache.jmeter.modifiers.BSFPreProcessor
2017-09-27 22:15:47,436 WARN o.a.j.g.t.JMeterTreeNode: getIcon(): Can't obtain GUI class from class org.apache.jmeter.modifiers.BSFPreProcessor
2017-09-27 22:15:48,261 WARN o.a.j.g.t.JMeterTreeNode: getIcon(): Can't obtain GUI class from class org.apache.jmeter.modifiers.BSFPreProcessor
2017-09-27 22:15:48,280 WARN o.a.j.g.t.JMeterTreeNode: getIcon(): Can't obtain GUI class from class org.apache.jmeter.modifiers.BSFPreProcessor
2017-09-27 22:15:49,586 WARN o.a.j.g.t.JMeterTreeNode: getIcon(): Can't obtain GUI class from class org.apache.jmeter.modifiers.BSFPreProcessor
2017-09-27 22:15:49,588 WARN o.a.j.g.t.JMeterTreeNode: getIcon(): Can't obtain GUI class from class org.apache.jmeter.modifiers.BSFPreProcessor
2017-09-27 22:15:50,657 WARN o.a.j.g.t.JMeterTreeNode: getIcon(): Can't obtain GUI class from class org.apache.jmeter.modifiers.BSFPreProcessor
2017-09-27 22:15:50,661 WARN o.a.j.g.t.JMeterTreeNode: getIcon(): Can't obtain GUI class from class org.apache.jmeter.modifiers.BSFPreProcessor
2017-09-27 22:15:51,296 WARN o.a.j.g.t.JMeterTreeNode: getIcon(): Can't obtain GUI class from class org.apache.jmeter.modifiers.BSFPreProcessor
2017-09-27 22:15:51,305 WARN o.a.j.g.t.JMeterTreeNode: getIcon(): Can't obtain GUI class from class org.apache.jmeter.modifiers.BSFPreProcessor
2017-09-27 22:15:52,744 WARN o.a.j.g.t.JMeterTreeNode: getIcon(): Can't obtain GUI class from class org.apache.jmeter.modifiers.BSFPreProcessor
2017-09-27 22:15:52,747 WARN o.a.j.g.t.JMeterTreeNode: getIcon(): Can't obtain GUI class from class org.apache.jmeter.modifiers.BSFPreProcessor
2017-09-27 22:15:56,738 WARN o.a.j.g.t.JMeterTreeNode: getIcon(): Can't obtain GUI class from class org.apache.jmeter.modifiers.BSFPreProcessor
2017-09-27 22:15:56,747 WARN o.a.j.g.t.JMeterTreeNode: getIcon(): Can't obtain GUI class from class org.apache.jmeter.modifiers.BSFPreProcessor
2017-09-27 22:15:56,752 WARN o.a.j.g.t.JMeterTreeNode: getIcon(): Can't obtain GUI class from class org.apache.jmeter.modifiers.BSFPreProcessor
2017-09-27 22:15:58,817 WARN o.a.j.g.t.JMeterTreeNode: getIcon(): Can't obtain GUI class from class org.apache.jmeter.modifiers.BSFPreProcessor
2017-09-27 22:15:58,823 WARN o.a.j.g.t.JMeterTreeNode: getIcon(): Can't obtain GUI class from class org.apache.jmeter.modifiers.BSFPreProcessor
2017-09-27 22:15:59,548 WARN o.a.j.g.t.JMeterTreeNode: getIcon(): Can't obtain GUI class from class org.apache.jmeter.modifiers.BSFPreProcessor
2017-09-27 22:15:59,552 WARN o.a.j.g.t.JMeterTreeNode: getIcon(): Can't obtain GUI class from class org.apache.jmeter.modifiers.BSFPreProcessor
2017-09-27 22:15:59,593 WARN o.a.j.g.t.JMeterTreeNode: getIcon(): Can't obtain GUI class from class org.apache.jmeter.modifiers.BSFPreProcessor
2017-09-27 22:15:59,596 WARN o.a.j.g.t.JMeterTreeNode: getIcon(): Can't obtain GUI class from class org.apache.jmeter.modifiers.BSFPreProcessor
2017-09-27 22:16:00,896 WARN o.a.j.g.t.JMeterTreeNode: getIcon(): Can't obtain GUI class from class org.apache.jmeter.modifiers.BSFPreProcessor
2017-09-27 22:16:00,900 WARN o.a.j.g.t.JMeterTreeNode: getIcon(): Can't obtain GUI class from class org.apache.jmeter.modifiers.BSFPreProcessor
2017-09-27 22:16:02,111 WARN o.a.j.g.t.JMeterTreeNode: getIcon(): Can't obtain GUI class from class org.apache.jmeter.modifiers.BSFPreProcessor
2017-09-27 22:16:02,121 WARN o.a.j.g.t.JMeterTreeNode: getIcon(): Can't obtain GUI class from class org.apache.jmeter.modifiers.BSFPreProcessor
2017-09-27 22:16:02,943 WARN o.a.j.g.t.JMeterTreeNode: getIcon(): Can't obtain GUI class from class org.apache.jmeter.modifiers.BSFPreProcessor
2017-09-27 22:16:02,970 WARN o.a.j.g.t.JMeterTreeNode: getIcon(): Can't obtain GUI class from class org.apache.jmeter.modifiers.BSFPreProcessor
2017-09-27 22:16:02,974 WARN o.a.j.g.t.JMeterTreeNode: getIcon(): Can't obtain GUI class from class org.apache.jmeter.modifiers.BSFPreProcessor
2017-09-27 22:16:04,261 WARN o.a.j.g.t.JMeterTreeNode: getIcon(): Can't obtain GUI class from class org.apache.jmeter.modifiers.BSFPreProcessor
2017-09-27 22:16:04,265 WARN o.a.j.g.t.JMeterTreeNode: getIcon(): Can't obtain GUI class from class org.apache.jmeter.modifiers.BSFPreProcessor
2017-09-27 22:16:04,283 WARN o.a.j.g.t.JMeterTreeNode: getIcon(): Can't obtain GUI class from class org.apache.jmeter.modifiers.BSFPreProcessor
2017-09-27 22:16:04,289 WARN o.a.j.g.t.JMeterTreeNode: getIcon(): Can't obtain GUI class from class org.apache.jmeter.modifiers.BSFPreProcessor
2017-09-27 22:16:04,990 WARN o.a.j.g.t.JMeterTreeNode: getIcon(): Can't obtain GUI class from class org.apache.jmeter.modifiers.BSFPreProcessor
2017-09-27 22:16:04,994 WARN o.a.j.g.t.JMeterTreeNode: getIcon(): Can't obtain GUI class from class org.apache.jmeter.modifiers.BSFPreProcessor
2017-09-27 22:16:06,152 WARN o.a.j.g.t.JMeterTreeNode: getIcon(): Can't obtain GUI class from class org.apache.jmeter.modifiers.BSFPreProcessor
2017-09-27 22:16:06,156 WARN o.a.j.g.t.JMeterTreeNode: getIcon(): Can't obtain GUI class from class org.apache.jmeter.modifiers.BSFPreProcessor
2017-09-27 22:16:07,157 WARN o.a.j.g.t.JMeterTreeNode: getIcon(): Can't obtain GUI class from class org.apache.jmeter.modifiers.BSFPreProcessor
2017-09-27 22:16:07,163 WARN o.a.j.g.t.JMeterTreeNode: getIcon(): Can't obtain GUI class from class org.apache.jmeter.modifiers.BSFPreProcessor
2017-09-27 22:16:07,184 WARN o.a.j.g.t.JMeterTreeNode: getIcon(): Can't obtain GUI class from class org.apache.jmeter.modifiers.BSFPreProcessor
2017-09-27 22:16:07,190 WARN o.a.j.g.t.JMeterTreeNode: getIcon(): Can't obtain GUI class from class org.apache.jmeter.modifiers.BSFPreProcessor
2017-09-27 22:16:11,898 WARN o.a.j.g.t.JMeterTreeNode: getIcon(): Can't obtain GUI class from class org.apache.jmeter.modifiers.BSFPreProcessor
2017-09-27 22:16:13,130 WARN o.a.j.g.t.JMeterTreeNode: getIcon(): Can't obtain GUI class from class org.apache.jmeter.modifiers.BSFPreProcessor
2017-09-27 22:16:22,723 WARN o.a.j.g.t.JMeterTreeNode: getIcon(): Can't obtain GUI class from class org.apache.jmeter.modifiers.BSFPreProcessor
2017-09-27 22:16:22,792 WARN o.a.j.g.t.JMeterTreeNode: getIcon(): Can't obtain GUI class from class org.apache.jmeter.modifiers.BSFPreProcessor
2017-09-27 22:16:26,407 WARN o.a.j.g.t.JMeterTreeNode: getIcon(): Can't obtain GUI class from class org.apache.jmeter.modifiers.BSFPreProcessor
2017-09-27 22:16:45,368 WARN o.a.j.g.t.JMeterTreeNode: getIcon(): Can't obtain GUI class from class org.apache.jmeter.modifiers.BSFPreProcessor
2017-09-27 22:16:45,428 WARN o.a.j.g.t.JMeterTreeNode: getIcon(): Can't obtain GUI class from class org.apache.jmeter.modifiers.BSFPreProcessor
2017-09-27 22:16:46,682 WARN o.a.j.g.t.JMeterTreeNode: getIcon(): Can't obtain GUI class from class org.apache.jmeter.modifiers.BSFPreProcessor
2017-09-27 22:16:46,711 INFO o.a.j.e.StandardJMeterEngine: Running the test!
2017-09-27 22:16:46,711 INFO o.a.j.s.SampleEvent: List of sample_variables: []
2017-09-27 22:16:46,714 INFO o.a.j.g.u.JMeterMenuBar: setRunning(true, *local*)
2017-09-27 22:16:46,938 INFO o.a.j.e.StandardJMeterEngine: Starting ThreadGroup: 1 : WorkFlow
2017-09-27 22:16:46,938 INFO o.a.j.e.StandardJMeterEngine: Starting 1 threads for group WorkFlow.
2017-09-27 22:16:46,938 INFO o.a.j.e.StandardJMeterEngine: Thread will continue on error
2017-09-27 22:16:46,939 INFO o.a.j.t.ThreadGroup: Starting thread group... number=1 threads=1 ramp-up=1 perThread=1000.0 delayedStart=false
2017-09-27 22:16:46,941 INFO o.a.j.t.ThreadGroup: Started thread group number 1
2017-09-27 22:16:46,941 INFO o.a.j.e.StandardJMeterEngine: All thread groups have been started
2017-09-27 22:16:46,942 INFO o.a.j.t.JMeterThread: Thread started: WorkFlow 1-1
2017-09-27 22:16:54,495 ERROR o.a.j.r.ResultSaver: Error creating sample file for Froge_Get_All_APPs_2_leg_001
java.io.FileNotFoundException: automation/dev/fail_cases_20170927-2216_1.json (No such file or directory)
	at java.io.FileOutputStream.open0(Native Method) ~[?:1.8.0_45]
	at java.io.FileOutputStream.open(FileOutputStream.java:270) ~[?:1.8.0_45]
	at java.io.FileOutputStream.<init>(FileOutputStream.java:213) ~[?:1.8.0_45]
	at java.io.FileOutputStream.<init>(FileOutputStream.java:162) ~[?:1.8.0_45]
	at org.apache.jmeter.reporters.ResultSaver.saveSample(ResultSaver.java:200) [ApacheJMeter_core.jar:3.2 r1790748]
	at org.apache.jmeter.reporters.ResultSaver.processSample(ResultSaver.java:162) [ApacheJMeter_core.jar:3.2 r1790748]
	at org.apache.jmeter.reporters.ResultSaver.sampleOccurred(ResultSaver.java:152) [ApacheJMeter_core.jar:3.2 r1790748]
	at org.apache.jmeter.threads.ListenerNotifier.notifyListeners(ListenerNotifier.java:65) [ApacheJMeter_core.jar:3.2 r1790748]
	at org.apache.jmeter.threads.JMeterThread.notifyListeners(JMeterThread.java:885) [ApacheJMeter_core.jar:3.2 r1790748]
	at org.apache.jmeter.threads.JMeterThread.executeSamplePackage(JMeterThread.java:521) [ApacheJMeter_core.jar:3.2 r1790748]
	at org.apache.jmeter.threads.JMeterThread.processSampler(JMeterThread.java:425) [ApacheJMeter_core.jar:3.2 r1790748]
	at org.apache.jmeter.threads.JMeterThread.run(JMeterThread.java:254) [ApacheJMeter_core.jar:3.2 r1790748]
	at java.lang.Thread.run(Thread.java:745) [?:1.8.0_45]
2017-09-27 22:16:54,497 INFO o.a.j.t.JMeterThread: Thread is done: WorkFlow 1-1
2017-09-27 22:16:54,497 INFO o.a.j.t.JMeterThread: Thread finished: WorkFlow 1-1
2017-09-27 22:16:54,498 INFO o.a.j.e.StandardJMeterEngine: Notifying test listeners of end of test
2017-09-27 22:16:54,498 INFO o.a.j.g.u.JMeterMenuBar: setRunning(false, *local*)
2017-09-27 22:17:27,691 WARN o.a.j.g.t.JMeterTreeNode: getIcon(): Can't obtain GUI class from class org.apache.jmeter.modifiers.BSFPreProcessor
2017-09-27 22:17:27,741 WARN o.a.j.g.t.JMeterTreeNode: getIcon(): Can't obtain GUI class from class org.apache.jmeter.modifiers.BSFPreProcessor
2017-09-27 22:17:28,990 WARN o.a.j.g.t.JMeterTreeNode: getIcon(): Can't obtain GUI class from class org.apache.jmeter.modifiers.BSFPreProcessor
2017-09-27 22:17:31,617 WARN o.a.j.g.t.JMeterTreeNode: getIcon(): Can't obtain GUI class from class org.apache.jmeter.modifiers.BSFPreProcessor
2017-09-27 22:17:31,646 WARN o.a.j.g.t.JMeterTreeNode: getIcon(): Can't obtain GUI class from class org.apache.jmeter.modifiers.BSFPreProcessor
2017-09-27 22:17:32,997 WARN o.a.j.g.t.JMeterTreeNode: getIcon(): Can't obtain GUI class from class org.apache.jmeter.modifiers.BSFPreProcessor
2017-09-27 22:17:34,204 WARN o.a.j.g.t.JMeterTreeNode: getIcon(): Can't obtain GUI class from class org.apache.jmeter.modifiers.BSFPreProcessor
2017-09-27 22:17:34,230 INFO o.a.j.e.StandardJMeterEngine: Running the test!
2017-09-27 22:17:34,231 INFO o.a.j.s.SampleEvent: List of sample_variables: []
2017-09-27 22:17:34,233 INFO o.a.j.g.u.JMeterMenuBar: setRunning(true, *local*)
2017-09-27 22:17:34,453 INFO o.a.j.e.StandardJMeterEngine: Starting ThreadGroup: 1 : WorkFlow
2017-09-27 22:17:34,453 INFO o.a.j.e.StandardJMeterEngine: Starting 1 threads for group WorkFlow.
2017-09-27 22:17:34,453 INFO o.a.j.e.StandardJMeterEngine: Thread will continue on error
2017-09-27 22:17:34,453 INFO o.a.j.t.ThreadGroup: Starting thread group... number=1 threads=1 ramp-up=1 perThread=1000.0 delayedStart=false
2017-09-27 22:17:34,455 INFO o.a.j.t.ThreadGroup: Started thread group number 1
2017-09-27 22:17:34,455 INFO o.a.j.e.StandardJMeterEngine: All thread groups have been started
2017-09-27 22:17:34,456 INFO o.a.j.t.JMeterThread: Thread started: WorkFlow 1-1
2017-09-27 22:17:42,726 ERROR o.a.j.r.ResultSaver: Error creating sample file for Froge_Get_All_APPs_2_leg_001
java.io.FileNotFoundException: automation/dev/fail_cases_20170927-2217_1.json (No such file or directory)
	at java.io.FileOutputStream.open0(Native Method) ~[?:1.8.0_45]
	at java.io.FileOutputStream.open(FileOutputStream.java:270) ~[?:1.8.0_45]
	at java.io.FileOutputStream.<init>(FileOutputStream.java:213) ~[?:1.8.0_45]
	at java.io.FileOutputStream.<init>(FileOutputStream.java:162) ~[?:1.8.0_45]
	at org.apache.jmeter.reporters.ResultSaver.saveSample(ResultSaver.java:200) [ApacheJMeter_core.jar:3.2 r1790748]
	at org.apache.jmeter.reporters.ResultSaver.processSample(ResultSaver.java:162) [ApacheJMeter_core.jar:3.2 r1790748]
	at org.apache.jmeter.reporters.ResultSaver.sampleOccurred(ResultSaver.java:152) [ApacheJMeter_core.jar:3.2 r1790748]
	at org.apache.jmeter.threads.ListenerNotifier.notifyListeners(ListenerNotifier.java:65) [ApacheJMeter_core.jar:3.2 r1790748]
	at org.apache.jmeter.threads.JMeterThread.notifyListeners(JMeterThread.java:885) [ApacheJMeter_core.jar:3.2 r1790748]
	at org.apache.jmeter.threads.JMeterThread.executeSamplePackage(JMeterThread.java:521) [ApacheJMeter_core.jar:3.2 r1790748]
	at org.apache.jmeter.threads.JMeterThread.processSampler(JMeterThread.java:425) [ApacheJMeter_core.jar:3.2 r1790748]
	at org.apache.jmeter.threads.JMeterThread.run(JMeterThread.java:254) [ApacheJMeter_core.jar:3.2 r1790748]
	at java.lang.Thread.run(Thread.java:745) [?:1.8.0_45]
2017-09-27 22:17:42,726 INFO o.a.j.t.JMeterThread: Thread is done: WorkFlow 1-1
2017-09-27 22:17:42,726 INFO o.a.j.t.JMeterThread: Thread finished: WorkFlow 1-1
2017-09-27 22:17:42,729 INFO o.a.j.e.StandardJMeterEngine: Notifying test listeners of end of test
2017-09-27 22:17:42,729 INFO o.a.j.g.u.JMeterMenuBar: setRunning(false, *local*)
2017-09-27 22:17:49,160 WARN o.a.j.g.t.JMeterTreeNode: getIcon(): Can't obtain GUI class from class org.apache.jmeter.modifiers.BSFPreProcessor
2017-09-27 22:17:49,215 WARN o.a.j.g.t.JMeterTreeNode: getIcon(): Can't obtain GUI class from class org.apache.jmeter.modifiers.BSFPreProcessor
2017-09-27 22:17:50,433 WARN o.a.j.g.t.JMeterTreeNode: getIcon(): Can't obtain GUI class from class org.apache.jmeter.modifiers.BSFPreProcessor
2017-09-27 22:17:54,927 WARN o.a.j.g.t.JMeterTreeNode: getIcon(): Can't obtain GUI class from class org.apache.jmeter.modifiers.BSFPreProcessor
2017-09-27 22:17:54,954 WARN o.a.j.g.t.JMeterTreeNode: getIcon(): Can't obtain GUI class from class org.apache.jmeter.modifiers.BSFPreProcessor
2017-09-27 22:17:56,528 WARN o.a.j.g.t.JMeterTreeNode: getIcon(): Can't obtain GUI class from class org.apache.jmeter.modifiers.BSFPreProcessor
2017-09-27 22:17:56,551 INFO o.a.j.e.StandardJMeterEngine: Running the test!
2017-09-27 22:17:56,552 INFO o.a.j.s.SampleEvent: List of sample_variables: []
2017-09-27 22:17:56,553 INFO o.a.j.g.u.JMeterMenuBar: setRunning(true, *local*)
2017-09-27 22:17:56,765 INFO o.a.j.e.StandardJMeterEngine: Starting ThreadGroup: 1 : WorkFlow
2017-09-27 22:17:56,765 INFO o.a.j.e.StandardJMeterEngine: Starting 1 threads for group WorkFlow.
2017-09-27 22:17:56,765 INFO o.a.j.e.StandardJMeterEngine: Thread will continue on error
2017-09-27 22:17:56,766 INFO o.a.j.t.ThreadGroup: Starting thread group... number=1 threads=1 ramp-up=1 perThread=1000.0 delayedStart=false
2017-09-27 22:17:56,766 INFO o.a.j.t.ThreadGroup: Started thread group number 1
2017-09-27 22:17:56,767 INFO o.a.j.e.StandardJMeterEngine: All thread groups have been started
2017-09-27 22:17:56,767 INFO o.a.j.t.JMeterThread: Thread started: WorkFlow 1-1
2017-09-27 22:17:58,528 WARN o.a.j.g.t.JMeterTreeNode: getIcon(): Can't obtain GUI class from class org.apache.jmeter.modifiers.BSFPreProcessor
2017-09-27 22:17:58,581 WARN o.a.j.g.t.JMeterTreeNode: getIcon(): Can't obtain GUI class from class org.apache.jmeter.modifiers.BSFPreProcessor
2017-09-27 22:18:00,089 WARN o.a.j.g.t.JMeterTreeNode: getIcon(): Can't obtain GUI class from class org.apache.jmeter.modifiers.BSFPreProcessor
2017-09-27 22:18:03,503 ERROR o.a.j.r.ResultSaver: Error creating sample file for Froge_Get_All_APPs_2_leg_001
java.io.FileNotFoundException: automation/dev/fail_cases_20170927-2217_1.json (No such file or directory)
	at java.io.FileOutputStream.open0(Native Method) ~[?:1.8.0_45]
	at java.io.FileOutputStream.open(FileOutputStream.java:270) ~[?:1.8.0_45]
	at java.io.FileOutputStream.<init>(FileOutputStream.java:213) ~[?:1.8.0_45]
	at java.io.FileOutputStream.<init>(FileOutputStream.java:162) ~[?:1.8.0_45]
	at org.apache.jmeter.reporters.ResultSaver.saveSample(ResultSaver.java:200) [ApacheJMeter_core.jar:3.2 r1790748]
	at org.apache.jmeter.reporters.ResultSaver.processSample(ResultSaver.java:162) [ApacheJMeter_core.jar:3.2 r1790748]
	at org.apache.jmeter.reporters.ResultSaver.sampleOccurred(ResultSaver.java:152) [ApacheJMeter_core.jar:3.2 r1790748]
	at org.apache.jmeter.threads.ListenerNotifier.notifyListeners(ListenerNotifier.java:65) [ApacheJMeter_core.jar:3.2 r1790748]
	at org.apache.jmeter.threads.JMeterThread.notifyListeners(JMeterThread.java:885) [ApacheJMeter_core.jar:3.2 r1790748]
	at org.apache.jmeter.threads.JMeterThread.executeSamplePackage(JMeterThread.java:521) [ApacheJMeter_core.jar:3.2 r1790748]
	at org.apache.jmeter.threads.JMeterThread.processSampler(JMeterThread.java:425) [ApacheJMeter_core.jar:3.2 r1790748]
	at org.apache.jmeter.threads.JMeterThread.run(JMeterThread.java:254) [ApacheJMeter_core.jar:3.2 r1790748]
	at java.lang.Thread.run(Thread.java:745) [?:1.8.0_45]
2017-09-27 22:18:03,504 INFO o.a.j.t.JMeterThread: Thread is done: WorkFlow 1-1
2017-09-27 22:18:03,504 INFO o.a.j.t.JMeterThread: Thread finished: WorkFlow 1-1
2017-09-27 22:18:03,506 INFO o.a.j.e.StandardJMeterEngine: Notifying test listeners of end of test
2017-09-27 22:18:03,507 INFO o.a.j.g.u.JMeterMenuBar: setRunning(false, *local*)
2017-09-27 22:18:22,130 WARN o.a.j.g.t.JMeterTreeNode: getIcon(): Can't obtain GUI class from class org.apache.jmeter.modifiers.BSFPreProcessor
2017-09-27 22:18:22,188 WARN o.a.j.g.t.JMeterTreeNode: getIcon(): Can't obtain GUI class from class org.apache.jmeter.modifiers.BSFPreProcessor
2017-09-27 22:18:23,920 WARN o.a.j.g.t.JMeterTreeNode: getIcon(): Can't obtain GUI class from class org.apache.jmeter.modifiers.BSFPreProcessor
2017-09-27 22:18:26,101 WARN o.a.j.g.t.JMeterTreeNode: getIcon(): Can't obtain GUI class from class org.apache.jmeter.modifiers.BSFPreProcessor
2017-09-27 22:18:46,788 WARN o.a.j.g.t.JMeterTreeNode: getIcon(): Can't obtain GUI class from class org.apache.jmeter.modifiers.BSFPreProcessor
2017-09-27 22:19:02,750 WARN o.a.j.g.t.JMeterTreeNode: getIcon(): Can't obtain GUI class from class org.apache.jmeter.modifiers.BSFPreProcessor
2017-09-27 22:19:42,843 WARN o.a.j.g.t.JMeterTreeNode: getIcon(): Can't obtain GUI class from class org.apache.jmeter.modifiers.BSFPreProcessor
2017-09-27 22:19:53,671 WARN o.a.j.g.t.JMeterTreeNode: getIcon(): Can't obtain GUI class from class org.apache.jmeter.modifiers.BSFPreProcessor
2017-09-27 22:20:23,546 WARN o.a.j.g.t.JMeterTreeNode: getIcon(): Can't obtain GUI class from class org.apache.jmeter.modifiers.BSFPreProcessor
2017-09-27 22:20:29,918 WARN o.a.j.g.t.JMeterTreeNode: getIcon(): Can't obtain GUI class from class org.apache.jmeter.modifiers.BSFPreProcessor
2017-09-27 22:22:43,727 WARN o.a.j.g.t.JMeterTreeNode: getIcon(): Can't obtain GUI class from class org.apache.jmeter.modifiers.BSFPreProcessor
2017-09-27 22:23:33,587 WARN o.a.j.g.t.JMeterTreeNode: getIcon(): Can't obtain GUI class from class org.apache.jmeter.modifiers.BSFPreProcessor
